  [1m[36m (1.3ms)[0m  [1mCREATE TABLE "schema_migrations" ("version" varchar NOT NULL) [0m
  [1m[35m (0.0ms)[0m  select sqlite_version(*)
  [1m[36m (1.1ms)[0m  [1mCREATE UNIQUE INDEX "unique_schema_migrations" ON "schema_migrations" ("version")[0m
  [1m[35mActiveRecord::SchemaMigration Load (0.1ms)[0m  SELECT "schema_migrations".* FROM "schema_migrations"
Started GET "/" for ::1 at 2020-04-19 20:10:54 -0700
  [1m[36mActiveRecord::SchemaMigration Load (0.6ms)[0m  [1m[34mSELECT "schema_migrations".* FROM "schema_migrations"[0m
  
ActiveRecord::PendingMigrationError (

Migrations are pending. To resolve this issue, run:

        bin/rails db:migrate RAILS_ENV=development

):
  
activerecord (5.0.7.2) lib/active_record/migration.rb:573:in `check_pending!'
activerecord (5.0.7.2) lib/active_record/migration.rb:549:in `call'
actionpack (5.0.7.2) lib/action_dispatch/middleware/callbacks.rb:38:in `block in call'
activesupport (5.0.7.2) lib/active_support/callbacks.rb:97:in `__run_callbacks__'
activesupport (5.0.7.2) lib/active_support/callbacks.rb:750:in `_run_call_callbacks'
activesupport (5.0.7.2) lib/active_support/callbacks.rb:90:in `run_callbacks'
actionpack (5.0.7.2) lib/action_dispatch/middleware/callbacks.rb:36:in `call'
actionpack (5.0.7.2) lib/action_dispatch/middleware/executor.rb:12:in `call'
actionpack (5.0.7.2) lib/action_dispatch/middleware/remote_ip.rb:79:in `call'
actionpack (5.0.7.2) lib/action_dispatch/middleware/debug_exceptions.rb:49:in `call'
web-console (2.3.0) lib/web_console/middleware.rb:28:in `block in call'
web-console (2.3.0) lib/web_console/middleware.rb:18:in `catch'
web-console (2.3.0) lib/web_console/middleware.rb:18:in `call'
actionpack (5.0.7.2) lib/action_dispatch/middleware/show_exceptions.rb:31:in `call'
railties (5.0.7.2) lib/rails/rack/logger.rb:36:in `call_app'
railties (5.0.7.2) lib/rails/rack/logger.rb:24:in `block in call'
activesupport (5.0.7.2) lib/active_support/tagged_logging.rb:69:in `block in tagged'
activesupport (5.0.7.2) lib/active_support/tagged_logging.rb:26:in `tagged'
activesupport (5.0.7.2) lib/active_support/tagged_logging.rb:69:in `tagged'
railties (5.0.7.2) lib/rails/rack/logger.rb:24:in `call'
sprockets-rails (3.2.1) lib/sprockets/rails/quiet_assets.rb:13:in `call'
actionpack (5.0.7.2) lib/action_dispatch/middleware/request_id.rb:24:in `call'
rack (2.0.7) lib/rack/method_override.rb:22:in `call'
rack (2.0.7) lib/rack/runtime.rb:22:in `call'
activesupport (5.0.7.2) lib/active_support/cache/strategy/local_cache_middleware.rb:28:in `call'
actionpack (5.0.7.2) lib/action_dispatch/middleware/executor.rb:12:in `call'
actionpack (5.0.7.2) lib/action_dispatch/middleware/static.rb:136:in `call'
rack (2.0.7) lib/rack/sendfile.rb:111:in `call'
railties (5.0.7.2) lib/rails/engine.rb:522:in `call'
rack (2.0.7) lib/rack/handler/webrick.rb:86:in `service'
/Users/leighadelarosa/.rvm/rubies/ruby-2.6.5/lib/ruby/2.6.0/webrick/httpserver.rb:140:in `service'
/Users/leighadelarosa/.rvm/rubies/ruby-2.6.5/lib/ruby/2.6.0/webrick/httpserver.rb:96:in `run'
/Users/leighadelarosa/.rvm/rubies/ruby-2.6.5/lib/ruby/2.6.0/webrick/server.rb:307:in `block in start_thread'
  Rendering /Users/leighadelarosa/.rvm/gems/ruby-2.6.5/gems/actionpack-5.0.7.2/lib/action_dispatch/middleware/templates/rescues/diagnostics.html.erb within rescues/layout
  Rendering /Users/leighadelarosa/.rvm/gems/ruby-2.6.5/gems/actionpack-5.0.7.2/lib/action_dispatch/middleware/templates/rescues/_source.html.erb
  Rendered /Users/leighadelarosa/.rvm/gems/ruby-2.6.5/gems/actionpack-5.0.7.2/lib/action_dispatch/middleware/templates/rescues/_source.html.erb (4.0ms)
  Rendering /Users/leighadelarosa/.rvm/gems/ruby-2.6.5/gems/actionpack-5.0.7.2/lib/action_dispatch/middleware/templates/rescues/_trace.html.erb
  Rendered /Users/leighadelarosa/.rvm/gems/ruby-2.6.5/gems/actionpack-5.0.7.2/lib/action_dispatch/middleware/templates/rescues/_trace.html.erb (2.7ms)
  Rendering /Users/leighadelarosa/.rvm/gems/ruby-2.6.5/gems/actionpack-5.0.7.2/lib/action_dispatch/middleware/templates/rescues/_request_and_response.html.erb
  Rendered /Users/leighadelarosa/.rvm/gems/ruby-2.6.5/gems/actionpack-5.0.7.2/lib/action_dispatch/middleware/templates/rescues/_request_and_response.html.erb (0.8ms)
  Rendered /Users/leighadelarosa/.rvm/gems/ruby-2.6.5/gems/actionpack-5.0.7.2/lib/action_dispatch/middleware/templates/rescues/diagnostics.html.erb within rescues/layout (73.3ms)
DEPRECATION WARNING: Accessing mime types via constants is deprecated. Please change `Mime::HTML` to `Mime[:html]`. (called from acceptable_content_type? at /Users/leighadelarosa/.rvm/gems/ruby-2.6.5/gems/web-console-2.3.0/lib/web_console/middleware.rb:58)
  Rendering /Users/leighadelarosa/.rvm/gems/ruby-2.6.5/gems/web-console-2.3.0/lib/web_console/templates/index.html.erb
  Rendered /Users/leighadelarosa/.rvm/gems/ruby-2.6.5/gems/web-console-2.3.0/lib/web_console/templates/_markup.html.erb (3.9ms)
  Rendering /Users/leighadelarosa/.rvm/gems/ruby-2.6.5/gems/web-console-2.3.0/lib/web_console/templates/console.js.erb within layouts/javascript
  Rendering /Users/leighadelarosa/.rvm/gems/ruby-2.6.5/gems/web-console-2.3.0/lib/web_console/templates/_inner_console_markup.html.erb within layouts/inlined_string
  Rendered /Users/leighadelarosa/.rvm/gems/ruby-2.6.5/gems/web-console-2.3.0/lib/web_console/templates/_inner_console_markup.html.erb within layouts/inlined_string (4.0ms)
  Rendering /Users/leighadelarosa/.rvm/gems/ruby-2.6.5/gems/web-console-2.3.0/lib/web_console/templates/_prompt_box_markup.html.erb within layouts/inlined_string
  Rendered /Users/leighadelarosa/.rvm/gems/ruby-2.6.5/gems/web-console-2.3.0/lib/web_console/templates/_prompt_box_markup.html.erb within layouts/inlined_string (1.7ms)
  Rendering /Users/leighadelarosa/.rvm/gems/ruby-2.6.5/gems/web-console-2.3.0/lib/web_console/templates/style.css.erb within layouts/inlined_string
  Rendered /Users/leighadelarosa/.rvm/gems/ruby-2.6.5/gems/web-console-2.3.0/lib/web_console/templates/style.css.erb within layouts/inlined_string (0.7ms)
DEPRECATION WARNING: Accessing mime types via constants is deprecated. Please change `Mime::WEB_CONSOLE_V2` to `Mime[:web_console_v2]`. (called from ___sers_leighadelarosa__rvm_gems_ruby_______gems_web_console_______lib_web_console_templates_console_js_erb___2312684979637289514_70301669513560 at /Users/leighadelarosa/.rvm/gems/ruby-2.6.5/gems/web-console-2.3.0/lib/web_console/templates/console.js.erb:491)
  Rendered /Users/leighadelarosa/.rvm/gems/ruby-2.6.5/gems/web-console-2.3.0/lib/web_console/templates/console.js.erb within layouts/javascript (190.8ms)
  Rendering /Users/leighadelarosa/.rvm/gems/ruby-2.6.5/gems/web-console-2.3.0/lib/web_console/templates/main.js.erb within layouts/javascript
  Rendered /Users/leighadelarosa/.rvm/gems/ruby-2.6.5/gems/web-console-2.3.0/lib/web_console/templates/main.js.erb within layouts/javascript (17.2ms)
  Rendering /Users/leighadelarosa/.rvm/gems/ruby-2.6.5/gems/web-console-2.3.0/lib/web_console/templates/error_page.js.erb within layouts/javascript
  Rendered /Users/leighadelarosa/.rvm/gems/ruby-2.6.5/gems/web-console-2.3.0/lib/web_console/templates/error_page.js.erb within layouts/javascript (0.7ms)
  Rendered /Users/leighadelarosa/.rvm/gems/ruby-2.6.5/gems/web-console-2.3.0/lib/web_console/templates/index.html.erb (365.9ms)
  [1m[35m (1.8ms)[0m  [1m[35mCREATE TABLE "ar_internal_metadata" ("key" varchar NOT NULL PRIMARY KEY, "value" varchar, "created_at" datetime NOT NULL, "updated_at" datetime NOT NULL)[0m
  [1m[36mActiveRecord::SchemaMigration Load (0.2ms)[0m  [1m[34mSELECT "schema_migrations".* FROM "schema_migrations"[0m
Migrating to CreateArticles (20200420030935)
  [1m[35m (0.1ms)[0m  [1m[36mbegin transaction[0m
  [1m[35m (0.6ms)[0m  [1m[35mCREATE TABLE "articles" ("id" INTEGER PRIMARY KEY AUTOINCREMENT NOT NULL, "title" varchar, "body" text, "created_at" datetime NOT NULL, "updated_at" datetime NOT NULL)[0m
  [1m[35mSQL (0.2ms)[0m  [1m[32mINSERT INTO "schema_migrations" ("version") VALUES (?)[0m  [["version", "20200420030935"]]
  [1m[35m (1.7ms)[0m  [1m[36mcommit transaction[0m
  [1m[36mActiveRecord::InternalMetadata Load (0.1ms)[0m  [1m[34mSELECT  "ar_internal_metadata".* FROM "ar_internal_metadata" WHERE "ar_internal_metadata"."key" = ? LIMIT ?[0m  [["key", "environment"], ["LIMIT", 1]]
  [1m[35m (0.1ms)[0m  [1m[36mbegin transaction[0m
  [1m[35mSQL (0.4ms)[0m  [1m[32mINSERT INTO "ar_internal_metadata" ("key", "value", "created_at", "updated_at") VALUES (?, ?, ?, ?)[0m  [["key", "environment"], ["value", "development"], ["created_at", "2020-04-20 03:11:14.388023"], ["updated_at", "2020-04-20 03:11:14.388023"]]
  [1m[35m (1.1ms)[0m  [1m[36mcommit transaction[0m
  [1m[36mActiveRecord::SchemaMigration Load (0.2ms)[0m  [1m[34mSELECT "schema_migrations".* FROM "schema_migrations"[0m
Started GET "/" for ::1 at 2020-04-19 20:11:22 -0700
  [1m[36mActiveRecord::SchemaMigration Load (0.2ms)[0m  [1m[34mSELECT "schema_migrations".* FROM "schema_migrations"[0m
Processing by Rails::WelcomeController#index as HTML
  Parameters: {"internal"=>true}
  Rendering /Users/leighadelarosa/.rvm/gems/ruby-2.6.5/gems/railties-5.0.7.2/lib/rails/templates/rails/welcome/index.html.erb
  Rendered /Users/leighadelarosa/.rvm/gems/ruby-2.6.5/gems/railties-5.0.7.2/lib/rails/templates/rails/welcome/index.html.erb (14.9ms)
Completed 200 OK in 75ms (Views: 53.9ms | ActiveRecord: 0.0ms)


Started GET "/articles" for ::1 at 2020-04-19 20:11:51 -0700
Processing by ArticlesController#index as HTML
  Rendering articles/index.html.erb within layouts/application
  [1m[36mArticle Load (2.1ms)[0m  [1m[34mSELECT "articles".* FROM "articles"[0m
  Rendered articles/index.html.erb within layouts/application (15.3ms)
Completed 200 OK in 1250ms (Views: 1236.3ms | ActiveRecord: 2.6ms)


Started GET "/articles/new" for ::1 at 2020-04-19 20:11:58 -0700
Processing by ArticlesController#new as HTML
  Rendering articles/new.html.erb within layouts/application
  Rendered articles/_form.html.erb (63.8ms)
  Rendered articles/new.html.erb within layouts/application (67.5ms)
Completed 200 OK in 164ms (Views: 139.6ms | ActiveRecord: 2.1ms)


Started GET "/articles" for ::1 at 2020-04-19 20:12:03 -0700
Processing by ArticlesController#index as HTML
  Rendering articles/index.html.erb within layouts/application
  [1m[36mArticle Load (0.5ms)[0m  [1m[34mSELECT "articles".* FROM "articles"[0m
  Rendered articles/index.html.erb within layouts/application (5.7ms)
Completed 200 OK in 60ms (Views: 54.3ms | ActiveRecord: 0.5ms)


Started GET "/articles/new" for ::1 at 2020-04-19 20:12:06 -0700
Processing by ArticlesController#new as HTML
  Rendering articles/new.html.erb within layouts/application
  Rendered articles/_form.html.erb (6.8ms)
  Rendered articles/new.html.erb within layouts/application (9.4ms)
Completed 200 OK in 61ms (Views: 58.8ms | ActiveRecord: 0.0ms)


Started POST "/articles" for ::1 at 2020-04-19 20:12:23 -0700
Processing by ArticlesController#create as HTML
  Parameters: {"utf8"=>"✓", "authenticity_token"=>"9Z00JUllUVT/A2JTPX3A1EatZxlHoUtDDKOWP+L20Dg7EJphFteCo/I2GYipOJ1yt3Pfw6s4vdVRj9gjxnmZhg==", "article"=>{"title"=>"latest gossip", "body"=>"all the words you crave to hear"}, "commit"=>"Create Article"}
  [1m[35m (1.4ms)[0m  [1m[36mbegin transaction[0m
  [1m[35mSQL (2.7ms)[0m  [1m[32mINSERT INTO "articles" ("title", "body", "created_at", "updated_at") VALUES (?, ?, ?, ?)[0m  [["title", "latest gossip"], ["body", "all the words you crave to hear"], ["created_at", "2020-04-20 03:12:23.467456"], ["updated_at", "2020-04-20 03:12:23.467456"]]
  [1m[35m (41.0ms)[0m  [1m[36mcommit transaction[0m
Redirected to http://localhost:3000/articles/1
Completed 302 Found in 70ms (ActiveRecord: 45.1ms)


Started GET "/articles/1" for ::1 at 2020-04-19 20:12:23 -0700
Processing by ArticlesController#show as HTML
  Parameters: {"id"=>"1"}
  [1m[36mArticle Load (0.5ms)[0m  [1m[34mSELECT  "articles".* FROM "articles" WHERE "articles"."id" = ? LIMIT ?[0m  [["id", 1], ["LIMIT", 1]]
  Rendering articles/show.html.erb within layouts/application
  Rendered articles/show.html.erb within layouts/application (2.8ms)
Completed 200 OK in 111ms (Views: 99.7ms | ActiveRecord: 0.5ms)


Started GET "/articles/1/edit" for ::1 at 2020-04-19 20:12:32 -0700
Processing by ArticlesController#edit as HTML
  Parameters: {"id"=>"1"}
  [1m[36mArticle Load (0.4ms)[0m  [1m[34mSELECT  "articles".* FROM "articles" WHERE "articles"."id" = ? LIMIT ?[0m  [["id", 1], ["LIMIT", 1]]
  Rendering articles/edit.html.erb within layouts/application
  Rendered articles/_form.html.erb (11.7ms)
  Rendered articles/edit.html.erb within layouts/application (17.3ms)
Completed 200 OK in 99ms (Views: 94.3ms | ActiveRecord: 0.4ms)


Started PATCH "/articles/1" for ::1 at 2020-04-19 20:12:43 -0700
Processing by ArticlesController#update as HTML
  Parameters: {"utf8"=>"✓", "authenticity_token"=>"LnbGO3jmWZFFPAwQBpj5hUsvql1KOEWBZruZqHDLx5Hg+2h/J1SKZkgJd8uS3aQjuvESh6ahsxc7l9e0VESOLw==", "article"=>{"title"=>"latest gossip", "body"=>"all the words you crave to hear and more"}, "commit"=>"Update Article", "id"=>"1"}
  [1m[36mArticle Load (0.2ms)[0m  [1m[34mSELECT  "articles".* FROM "articles" WHERE "articles"."id" = ? LIMIT ?[0m  [["id", 1], ["LIMIT", 1]]
  [1m[35m (0.1ms)[0m  [1m[36mbegin transaction[0m
  [1m[35mSQL (0.7ms)[0m  [1m[33mUPDATE "articles" SET "body" = ?, "updated_at" = ? WHERE "articles"."id" = ?[0m  [["body", "all the words you crave to hear and more"], ["updated_at", "2020-04-20 03:12:43.398931"], ["id", 1]]
  [1m[35m (4.5ms)[0m  [1m[36mcommit transaction[0m
Redirected to http://localhost:3000/articles/1
Completed 302 Found in 13ms (ActiveRecord: 5.5ms)


Started GET "/articles/1" for ::1 at 2020-04-19 20:12:43 -0700
Processing by ArticlesController#show as HTML
  Parameters: {"id"=>"1"}
  [1m[36mArticle Load (0.4ms)[0m  [1m[34mSELECT  "articles".* FROM "articles" WHERE "articles"."id" = ? LIMIT ?[0m  [["id", 1], ["LIMIT", 1]]
  Rendering articles/show.html.erb within layouts/application
  Rendered articles/show.html.erb within layouts/application (1.3ms)
Completed 200 OK in 66ms (Views: 62.4ms | ActiveRecord: 0.4ms)


Started GET "/articles" for ::1 at 2020-04-19 20:12:49 -0700
Processing by ArticlesController#index as HTML
  Rendering articles/index.html.erb within layouts/application
  [1m[36mArticle Load (2.8ms)[0m  [1m[34mSELECT "articles".* FROM "articles"[0m
  Rendered articles/index.html.erb within layouts/application (5.8ms)
Completed 200 OK in 64ms (Views: 58.7ms | ActiveRecord: 2.8ms)


Started GET "/articles/1" for ::1 at 2020-04-19 20:12:57 -0700
Processing by ArticlesController#show as HTML
  Parameters: {"id"=>"1"}
  [1m[36mArticle Load (0.2ms)[0m  [1m[34mSELECT  "articles".* FROM "articles" WHERE "articles"."id" = ? LIMIT ?[0m  [["id", 1], ["LIMIT", 1]]
  Rendering articles/show.html.erb within layouts/application
  Rendered articles/show.html.erb within layouts/application (1.4ms)
Completed 200 OK in 81ms (Views: 76.8ms | ActiveRecord: 0.2ms)


Started GET "/articles" for ::1 at 2020-04-19 20:13:01 -0700
Processing by ArticlesController#index as HTML
  Rendering articles/index.html.erb within layouts/application
  [1m[36mArticle Load (0.3ms)[0m  [1m[34mSELECT "articles".* FROM "articles"[0m
  Rendered articles/index.html.erb within layouts/application (3.1ms)
Completed 200 OK in 66ms (Views: 62.8ms | ActiveRecord: 0.3ms)


Started GET "/articles/1/edit" for ::1 at 2020-04-19 20:13:03 -0700
Processing by ArticlesController#edit as HTML
  Parameters: {"id"=>"1"}
  [1m[36mArticle Load (0.4ms)[0m  [1m[34mSELECT  "articles".* FROM "articles" WHERE "articles"."id" = ? LIMIT ?[0m  [["id", 1], ["LIMIT", 1]]
  Rendering articles/edit.html.erb within layouts/application
  Rendered articles/_form.html.erb (6.6ms)
  Rendered articles/edit.html.erb within layouts/application (10.6ms)
Completed 200 OK in 56ms (Views: 52.2ms | ActiveRecord: 0.4ms)


Started GET "/articles/1" for ::1 at 2020-04-19 20:13:07 -0700
Processing by ArticlesController#show as HTML
  Parameters: {"id"=>"1"}
  [1m[36mArticle Load (0.2ms)[0m  [1m[34mSELECT  "articles".* FROM "articles" WHERE "articles"."id" = ? LIMIT ?[0m  [["id", 1], ["LIMIT", 1]]
  Rendering articles/show.html.erb within layouts/application
  Rendered articles/show.html.erb within layouts/application (1.6ms)
Completed 200 OK in 62ms (Views: 57.6ms | ActiveRecord: 0.2ms)


Started GET "/articles" for ::1 at 2020-04-19 20:13:09 -0700
Processing by ArticlesController#index as HTML
  Rendering articles/index.html.erb within layouts/application
  [1m[36mArticle Load (0.3ms)[0m  [1m[34mSELECT "articles".* FROM "articles"[0m
  Rendered articles/index.html.erb within layouts/application (3.1ms)
Completed 200 OK in 104ms (Views: 97.9ms | ActiveRecord: 0.3ms)


Started DELETE "/articles/1" for ::1 at 2020-04-19 20:13:13 -0700
Processing by ArticlesController#destroy as HTML
  Parameters: {"authenticity_token"=>"ClttpLf6hzEDy8hrzDb32xoBvexMr1XpiY/qgLKXQTTE1sPg6EhUxg7+s7BYc6p9698FNqA2o3/Uo6SclhgIig==", "id"=>"1"}
  [1m[36mArticle Load (0.1ms)[0m  [1m[34mSELECT  "articles".* FROM "articles" WHERE "articles"."id" = ? LIMIT ?[0m  [["id", 1], ["LIMIT", 1]]
  [1m[35m (0.1ms)[0m  [1m[36mbegin transaction[0m
  [1m[35mSQL (0.7ms)[0m  [1m[31mDELETE FROM "articles" WHERE "articles"."id" = ?[0m  [["id", 1]]
  [1m[35m (3.4ms)[0m  [1m[36mcommit transaction[0m
Redirected to http://localhost:3000/articles
Completed 302 Found in 10ms (ActiveRecord: 4.3ms)


Started GET "/articles" for ::1 at 2020-04-19 20:13:13 -0700
Processing by ArticlesController#index as HTML
  Rendering articles/index.html.erb within layouts/application
  [1m[36mArticle Load (0.3ms)[0m  [1m[34mSELECT "articles".* FROM "articles"[0m
  Rendered articles/index.html.erb within layouts/application (2.7ms)
Completed 200 OK in 39ms (Views: 35.8ms | ActiveRecord: 0.3ms)


